<?xml version="1.0"?>
<testsuite name="Chrome 75.0.3770 (Windows 10.0.0)" package="" timestamp="2019-07-22T23:18:03" id="0" hostname="DESKTOP-3DK2543" tests="69" errors="1" failures="1" time="0.051">
  <properties>
    <property name="browser.fullName" value="Mozilla/5.0 (Windows NT 10.0; Win64; x64) AppleWebKit/537.36 (KHTML, like Gecko) Chrome/75.0.3770.142 Safari/537.36"/>
  </properties>
  <testcase name="LegalEntityComponent should create" time="0.051" classname="LegalEntityComponent">
    <failure type="">Property binding matHeaderRowDef not used by any directive on an embedded template. Make sure that the property name is spelled correctly and all directives are listed in the "@NgModule.declarations". ("
        &lt;/ng-container&gt;&#xD;
&#xD;
        [ERROR -&gt;]&lt;mat-header-row *matHeaderRowDef="displayedColumns"&gt;&lt;/mat-header-row&gt;&#xD;
        &lt;mat-row *matRowDef="l"): ng:///DynamicTestModule/LegalEntityComponent.html@53:8
Property binding matRowDefColumns not used by any directive on an embedded template. Make sure that the property name is spelled correctly and all directives are listed in the "@NgModule.declarations". ("
&#xD;
        &lt;mat-header-row *matHeaderRowDef="displayedColumns"&gt;&lt;/mat-header-row&gt;&#xD;
        [ERROR -&gt;]&lt;mat-row *matRowDef="let row; columns: displayedColumns;"&gt;&lt;/mat-row&gt;&#xD;
      &lt;/mat-table&gt;&#xD;
&#xD;
"): ng:///DynamicTestModule/LegalEntityComponent.html@54:8
Error: Template parse errors:
    at syntaxError (node_modules/@angular/compiler/fesm5/compiler.js:2426:1)
    at TemplateParser.parse (node_modules/@angular/compiler/fesm5/compiler.js:20600:1)
    at JitCompiler._parseTemplate (node_modules/@angular/compiler/fesm5/compiler.js:26146:1)
    at JitCompiler._compileTemplate (node_modules/@angular/compiler/fesm5/compiler.js:26133:1)
    at node_modules/@angular/compiler/fesm5/compiler.js:26076:48
    at Set.forEach (&lt;anonymous&gt;)
    at JitCompiler._compileComponents (node_modules/@angular/compiler/fesm5/compiler.js:26076:1)
    at node_modules/@angular/compiler/fesm5/compiler.js:25994:1
    at Object.then (node_modules/@angular/compiler/fesm5/compiler.js:2417:33)
    at JitCompiler._compileModuleAndAllComponents (node_modules/@angular/compiler/fesm5/compiler.js:25992:1)
</failure>
    <failure type="">Error: Template parse errors:
Property binding matHeaderRowDef not used by any directive on an embedded template. Make sure that the property name is spelled correctly and all directives are listed in the "@NgModule.declarations". ("
        &lt;/ng-container&gt;&#xD;
&#xD;
        [ERROR -&gt;]&lt;mat-header-row *matHeaderRowDef="displayedColumns"&gt;&lt;/mat-header-row&gt;&#xD;
        &lt;mat-row *matRowDef="l"): ng:///DynamicTestModule/LegalEntityComponent.html@53:8
Property binding matRowDefColumns not used by any directive on an embedded template. Make sure that the property name is spelled correctly and all directives are listed in the "@NgModule.declarations". ("
&#xD;
        &lt;mat-header-row *matHeaderRowDef="displayedColumns"&gt;&lt;/mat-header-row&gt;&#xD;
        [ERROR -&gt;]&lt;mat-row *matRowDef="let row; columns: displayedColumns;"&gt;&lt;/mat-row&gt;&#xD;
      &lt;/mat-table&gt;&#xD;
&#xD;
"): ng:///DynamicTestModule/LegalEntityComponent.html@54:8
    at syntaxError (node_modules/@angular/compiler/fesm5/compiler.js:2426:1)
    at TemplateParser.parse (node_modules/@angular/compiler/fesm5/compiler.js:20600:1)
    at JitCompiler._parseTemplate (node_modules/@angular/compiler/fesm5/compiler.js:26146:1)
    at JitCompiler._compileTemplate (node_modules/@angular/compiler/fesm5/compiler.js:26133:1)
    at node_modules/@angular/compiler/fesm5/compiler.js:26076:48
    at Set.forEach (&lt;anonymous&gt;)
    at JitCompiler._compileComponents (node_modules/@angular/compiler/fesm5/compiler.js:26076:1)
    at node_modules/@angular/compiler/fesm5/compiler.js:25994:1
    at Object.then (node_modules/@angular/compiler/fesm5/compiler.js:2417:33)
    at JitCompiler._compileModuleAndAllComponents (node_modules/@angular/compiler/fesm5/compiler.js:25992:1)
</failure>
    <failure type="">Expected undefined to be truthy.
    at UserContext.&lt;anonymous&gt; (src/app/account-profile/tabs/legal-entity/legal-entity.component.spec.ts:67:23)
    at ZoneDelegate../node_modules/zone.js/dist/zone.js.ZoneDelegate.invoke (node_modules/zone.js/dist/zone.js:391:1)
    at ProxyZoneSpec.onInvoke (node_modules/zone.js/dist/proxy.js:129:1)
    at ZoneDelegate../node_modules/zone.js/dist/zone.js.ZoneDelegate.invoke (node_modules/zone.js/dist/zone.js:390:1)
</failure>
  </testcase>
  <testcase name="AccordionComponent should create" time="0" classname="AccordionComponent">
    <skipped/>
  </testcase>
  <testcase name="AccountProfileComponent should create" time="0" classname="AccountProfileComponent">
    <skipped/>
  </testcase>
  <testcase name="ConnectionToNonMedicalStoresComponent should create" time="0" classname="ConnectionToNonMedicalStoresComponent">
    <skipped/>
  </testcase>
  <testcase name="ConnectionToProducersComponent should create" time="0" classname="ConnectionToProducersComponent">
    <skipped/>
  </testcase>
  <testcase name="AdminComponent should create" time="0" classname="AdminComponent">
    <skipped/>
  </testcase>
  <testcase name="AppComponent should create the app" time="0" classname="AppComponent">
    <skipped/>
  </testcase>
  <testcase name="AppComponent should render title in a span tag" time="0" classname="AppComponent">
    <skipped/>
  </testcase>
  <testcase name="ApplicationComponent should create" time="0" classname="ApplicationComponent">
    <skipped/>
  </testcase>
  <testcase name="ApplicationComponent should have the title specified in the application type" time="0" classname="ApplicationComponent">
    <skipped/>
  </testcase>
  <testcase name="ApplicationComponent should show preamble content if enabled" time="0" classname="ApplicationComponent">
    <skipped/>
  </testcase>
  <testcase name="ApplicationComponent should hide preamble content if disabled" time="0" classname="ApplicationComponent">
    <skipped/>
  </testcase>
  <testcase name="ApplicationComponent should show before starting content if enabled" time="0" classname="ApplicationComponent">
    <skipped/>
  </testcase>
  <testcase name="ApplicationComponent should hide before starting content if disabled" time="0" classname="ApplicationComponent">
    <skipped/>
  </testcase>
  <testcase name="ApplicationComponent should show declarations content if enabled" time="0" classname="ApplicationComponent">
    <skipped/>
  </testcase>
  <testcase name="ApplicationComponent should hide declarations content if disabled" time="0" classname="ApplicationComponent">
    <skipped/>
  </testcase>
  <testcase name="ApplicationComponent should show supporting documents if enabled" time="0" classname="ApplicationComponent">
    <skipped/>
  </testcase>
  <testcase name="ApplicationComponent should hide supporting documents if disabled" time="0" classname="ApplicationComponent">
    <skipped/>
  </testcase>
  <testcase name="ApplicationComponent should show financial integrity upload if enabled" time="0" classname="ApplicationComponent">
    <skipped/>
  </testcase>
  <testcase name="ApplicationComponent should hide financial integrity upload if disabled" time="0" classname="ApplicationComponent">
    <skipped/>
  </testcase>
  <testcase name="ApplicationComponent should show associate form upload if enabled" time="0" classname="ApplicationComponent">
    <skipped/>
  </testcase>
  <testcase name="ApplicationComponent should hide associate form upload if disabled" time="0" classname="ApplicationComponent">
    <skipped/>
  </testcase>
  <testcase name="ApplicationComponent should show property details if enabled" time="0" classname="ApplicationComponent">
    <skipped/>
  </testcase>
  <testcase name="ApplicationComponent should hide property details if disabled" time="0" classname="ApplicationComponent">
    <skipped/>
  </testcase>
  <testcase name="ApplicationComponent should show current property if enabled" time="0" classname="ApplicationComponent">
    <skipped/>
  </testcase>
  <testcase name="ApplicationComponent should hide current property if disabled" time="0" classname="ApplicationComponent">
    <skipped/>
  </testcase>
  <testcase name="ApplicationComponent should show hours of sale if enabled" time="0" classname="ApplicationComponent">
    <skipped/>
  </testcase>
  <testcase name="ApplicationComponent should hide hours of sale if disabled" time="0" classname="ApplicationComponent">
    <skipped/>
  </testcase>
  <testcase name="ApplicationComponent should be invalid if no supporting documents are uploaded" time="0" classname="ApplicationComponent">
    <skipped/>
  </testcase>
  <testcase name="ApplicationComponent should be valid if supporting documents are uploaded" time="0" classname="ApplicationComponent">
    <skipped/>
  </testcase>
  <testcase name="ApplicationsAndLicencesComponent should create" time="0" classname="ApplicationsAndLicencesComponent">
    <skipped/>
  </testcase>
  <testcase name="AssociateContentComponent should create" time="0" classname="AssociateContentComponent">
    <skipped/>
  </testcase>
  <testcase name="AssociatePageComponent should create" time="0" classname="AssociatePageComponent">
    <skipped/>
  </testcase>
  <testcase name="AssosiateWizardComponent should create" time="0" classname="AssosiateWizardComponent">
    <skipped/>
  </testcase>
  <testcase name="IndividualAssociatesResultsComponent should create" time="0" classname="IndividualAssociatesResultsComponent">
    <skipped/>
  </testcase>
  <testcase name="OrganizationResultsComponent should create" time="0" classname="OrganizationResultsComponent">
    <skipped/>
  </testcase>
  <testcase name="SolePropResultsComponent should create" time="0" classname="SolePropResultsComponent">
    <skipped/>
  </testcase>
  <testcase name="bceid-confirmation component should do something" time="0" classname="bceid-confirmation component">
    <skipped/>
  </testcase>
  <testcase name="BreadcrumbComponent should be created" time="0" classname="BreadcrumbComponent">
    <skipped/>
  </testcase>
  <testcase name="DashboardComponent should create" time="0" classname="DashboardComponent">
    <skipped/>
  </testcase>
  <testcase name="DashboardComponent should have &quot;Cannabis&quot; in the title" time="0" classname="DashboardComponent">
    <skipped/>
  </testcase>
  <testcase name="dynamics-form component should do something" time="0" classname="dynamics-form component">
    <skipped/>
  </testcase>
  <testcase name="form-viewer component should do something" time="0" classname="form-viewer component">
    <skipped/>
  </testcase>
  <testcase name="GeneralDataService should ..." time="0" classname="GeneralDataService">
    <skipped/>
  </testcase>
  <testcase name="HomeComponent should create" time="0" classname="HomeComponent">
    <skipped/>
  </testcase>
  <testcase name="InsertComponent should create" time="0" classname="InsertComponent">
    <skipped/>
  </testcase>
  <testcase name="newsletter-confirmation component should do something" time="0" classname="newsletter-confirmation component">
    <skipped/>
  </testcase>
  <testcase name="newsletter-signup component should do something" time="0" classname="newsletter-signup component">
    <skipped/>
  </testcase>
  <testcase name="NotFound component should do something" time="0" classname="NotFound component">
    <skipped/>
  </testcase>
  <testcase name="PolicyDocumentSidebar component should do something" time="0" classname="PolicyDocumentSidebar component">
    <skipped/>
  </testcase>
  <testcase name="PolicyDocument component should do something" time="0" classname="PolicyDocument component">
    <skipped/>
  </testcase>
  <testcase name="ResultComponent should create" time="0" classname="ResultComponent">
    <skipped/>
  </testcase>
  <testcase name="SearchBoxDirective should create an instance" time="0" classname="SearchBoxDirective">
    <skipped/>
  </testcase>
  <testcase name="FieldComponent should create" time="0" classname="FieldComponent">
    <skipped/>
  </testcase>
  <testcase name="FileUploaderComponent should create" time="0" classname="FileUploaderComponent">
    <skipped/>
  </testcase>
  <testcase name="StatsViewerComponent should create" time="0" classname="StatsViewerComponent">
    <skipped/>
  </testcase>
  <testcase name="statusbadge component should do something" time="0" classname="statusbadge component">
    <skipped/>
  </testcase>
  <testcase name="TermsOfUseComponent should create" time="0" classname="TermsOfUseComponent">
    <skipped/>
  </testcase>
  <testcase name="vote component should do something" time="0" classname="vote component">
    <skipped/>
  </testcase>
  <testcase name="WorkerDashboardComponent should create" time="0" classname="WorkerDashboardComponent">
    <skipped/>
  </testcase>
  <testcase name="WorkerPaymentConfirmationComponent should create" time="0" classname="WorkerPaymentConfirmationComponent">
    <skipped/>
  </testcase>
  <testcase name="PrePaymentComponent should create" time="0" classname="PrePaymentComponent">
    <skipped/>
  </testcase>
  <testcase name="SpdConsentComponent should create" time="0" classname="SpdConsentComponent">
    <skipped/>
  </testcase>
  <testcase name="UserConfirmationComponent should create" time="0" classname="UserConfirmationComponent">
    <skipped/>
  </testcase>
  <testcase name="WorkerApplicationComponent should create" time="0" classname="WorkerApplicationComponent">
    <skipped/>
  </testcase>
  <testcase name="WorkerHomeComponent should create" time="0" classname="WorkerHomeComponent">
    <skipped/>
  </testcase>
  <testcase name="WorkerInformationComponent should create" time="0" classname="WorkerInformationComponent">
    <skipped/>
  </testcase>
  <testcase name="WorkerQualificationComponent should create" time="0" classname="WorkerQualificationComponent">
    <skipped/>
  </testcase>
  <testcase name="WorkerTermsAndConditionsComponent should create" time="0" classname="WorkerTermsAndConditionsComponent">
    <skipped/>
  </testcase>
  <system-out>
    <![CDATA[Chrome 75.0.3770 (Windows 10.0.0) ERROR: 'DEPRECATION: fit and fdescribe will cause your suite to report an 'incomplete' status in Jasmine 3.0'

]]>
  </system-out>
  <system-err/>
</testsuite>